2023-02-16 13:05:05,269 [INFO] com.example.digishopkart.DigiShopKartApplication [restartedMain] Starting DigiShopKartApplication using Java 17.0.3 with PID 364488 (/home/ajay/Documents/Project Training/Frameworks/DigiShopKart/target/classes started by ajay in /home/ajay/Documents/Project Training/Frameworks/DigiShopKart)
2023-02-16 13:05:05,279 [INFO] com.example.digishopkart.DigiShopKartApplication [restartedMain] The following 1 profile is active: "dev"
2023-02-16 13:05:05,340 [INFO] org.springframework.boot.devtools.env.DevToolsPropertyDefaultsPostProcessor [restartedMain] Devtools property defaults active! Set 'spring.devtools.add-properties' to 'false' to disable
2023-02-16 13:05:05,341 [INFO] org.springframework.boot.devtools.env.DevToolsPropertyDefaultsPostProcessor [restartedMain] For additional web related logging consider setting the 'logging.level.web' property to 'DEBUG'
2023-02-16 13:05:06,238 [INFO] org.springframework.data.repository.config.RepositoryConfigurationDelegate [restartedMain] Bootstrapping Spring Data JPA repositories in DEFAULT mode.
2023-02-16 13:05:06,329 [INFO] org.springframework.data.repository.config.RepositoryConfigurationDelegate [restartedMain] Finished Spring Data repository scanning in 83 ms. Found 5 JPA repository interfaces.
2023-02-16 13:05:07,039 [INFO] org.springframework.boot.web.embedded.tomcat.TomcatWebServer [restartedMain] Tomcat initialized with port(s): 8085 (http)
2023-02-16 13:05:07,053 [INFO] org.apache.catalina.core.StandardService [restartedMain] Starting service [Tomcat]
2023-02-16 13:05:07,054 [INFO] org.apache.catalina.core.StandardEngine [restartedMain] Starting Servlet engine: [Apache Tomcat/10.1.1]
2023-02-16 13:05:07,136 [INFO] org.apache.catalina.core.ContainerBase.[Tomcat].[localhost].[/] [restartedMain] Initializing Spring embedded WebApplicationContext
2023-02-16 13:05:07,137 [INFO] org.springframework.boot.web.servlet.context.ServletWebServerApplicationContext [restartedMain] Root WebApplicationContext: initialization completed in 1796 ms
2023-02-16 13:05:07,305 [INFO] org.hibernate.jpa.internal.util.LogHelper [restartedMain] HHH000204: Processing PersistenceUnitInfo [name: default]
2023-02-16 13:05:07,344 [INFO] org.hibernate.Version [restartedMain] HHH000412: Hibernate ORM core version 6.1.5.Final
2023-02-16 13:05:07,478 [WARN] org.hibernate.orm.deprecation [restartedMain] HHH90000021: Encountered deprecated setting [javax.persistence.sharedCache.mode], use [jakarta.persistence.sharedCache.mode] instead
2023-02-16 13:05:07,609 [INFO] com.zaxxer.hikari.HikariDataSource [restartedMain] HikariPool-1 - Starting...
2023-02-16 13:05:07,997 [INFO] com.zaxxer.hikari.pool.HikariPool [restartedMain] HikariPool-1 - Added connection com.mysql.cj.jdbc.ConnectionImpl@4edca775
2023-02-16 13:05:07,998 [INFO] com.zaxxer.hikari.HikariDataSource [restartedMain] HikariPool-1 - Start completed.
2023-02-16 13:05:08,014 [INFO] SQL dialect [restartedMain] HHH000400: Using dialect: org.hibernate.dialect.MySQL8Dialect
2023-02-16 13:05:08,014 [WARN] org.hibernate.orm.deprecation [restartedMain] HHH90000026: MySQL8Dialect has been deprecated; use org.hibernate.dialect.MySQLDialect instead
2023-02-16 13:05:08,953 [INFO] org.hibernate.engine.transaction.jta.platform.internal.JtaPlatformInitiator [restartedMain] HHH000490: Using JtaPlatform implementation: [org.hibernate.engine.transaction.jta.platform.internal.NoJtaPlatform]
2023-02-16 13:05:08,959 [INFO] org.springframework.orm.jpa.LocalContainerEntityManagerFactoryBean [restartedMain] Initialized JPA EntityManagerFactory for persistence unit 'default'
2023-02-16 13:05:09,498 [WARN] org.springframework.boot.autoconfigure.orm.jpa.JpaBaseConfiguration$JpaWebConfiguration [restartedMain] spring.jpa.open-in-view is enabled by default. Therefore, database queries may be performed during view rendering. Explicitly configure spring.jpa.open-in-view to disable this warning
2023-02-16 13:05:09,616 [DEBUG] org.springframework.web.servlet.mvc.method.annotation.RequestMappingHandlerAdapter [restartedMain] ControllerAdvice beans: 0 @ModelAttribute, 0 @InitBinder, 1 RequestBodyAdvice, 1 ResponseBodyAdvice
2023-02-16 13:05:09,707 [DEBUG] org.springframework.web.servlet.mvc.method.annotation.RequestMappingHandlerMapping [restartedMain] 25 mappings in 'requestMappingHandlerMapping'
2023-02-16 13:05:10,531 [DEBUG] org.springframework.web.servlet.handler.SimpleUrlHandlerMapping [restartedMain] Patterns [/webjars/**, /**, /swagger-ui*/*swagger-initializer.js, /swagger-ui*/**] in 'resourceHandlerMapping'
2023-02-16 13:05:10,543 [DEBUG] org.springframework.web.servlet.mvc.method.annotation.ExceptionHandlerExceptionResolver [restartedMain] ControllerAdvice beans: 1 @ExceptionHandler, 1 ResponseBodyAdvice
2023-02-16 13:05:10,569 [WARN] org.springframework.boot.autoconfigure.mustache.MustacheAutoConfiguration [restartedMain] Cannot find template location: classpath:/templates/ (please add some templates, check your Mustache configuration, or set spring.mustache.check-template-location=false)
2023-02-16 13:05:10,738 [INFO] org.quartz.impl.StdSchedulerFactory [restartedMain] Using default implementation for ThreadExecutor
2023-02-16 13:05:10,752 [INFO] org.quartz.core.SchedulerSignalerImpl [restartedMain] Initialized Scheduler Signaller of type: class org.quartz.core.SchedulerSignalerImpl
2023-02-16 13:05:10,752 [INFO] org.quartz.core.QuartzScheduler [restartedMain] Quartz Scheduler v.2.3.2 created.
2023-02-16 13:05:10,753 [INFO] org.quartz.simpl.RAMJobStore [restartedMain] RAMJobStore initialized.
2023-02-16 13:05:10,754 [INFO] org.quartz.core.QuartzScheduler [restartedMain] Scheduler meta-data: Quartz Scheduler (v2.3.2) 'quartzScheduler' with instanceId 'NON_CLUSTERED'
  Scheduler class: 'org.quartz.core.QuartzScheduler' - running locally.
  NOT STARTED.
  Currently in standby mode.
  Number of jobs executed: 0
  Using thread pool 'org.quartz.simpl.SimpleThreadPool' - with 10 threads.
  Using job-store 'org.quartz.simpl.RAMJobStore' - which does not support persistence. and is not clustered.

2023-02-16 13:05:10,754 [INFO] org.quartz.impl.StdSchedulerFactory [restartedMain] Quartz scheduler 'quartzScheduler' initialized from an externally provided properties instance.
2023-02-16 13:05:10,754 [INFO] org.quartz.impl.StdSchedulerFactory [restartedMain] Quartz scheduler version: 2.3.2
2023-02-16 13:05:10,754 [INFO] org.quartz.core.QuartzScheduler [restartedMain] JobFactory set to: org.springframework.scheduling.quartz.SpringBeanJobFactory@6be0dced
2023-02-16 13:05:10,782 [INFO] org.springframework.boot.devtools.autoconfigure.OptionalLiveReloadServer [restartedMain] LiveReload server is running on port 35729
2023-02-16 13:05:10,809 [INFO] org.springframework.boot.web.embedded.tomcat.TomcatWebServer [restartedMain] Tomcat started on port(s): 8085 (http) with context path ''
2023-02-16 13:05:10,811 [INFO] org.springframework.scheduling.quartz.SchedulerFactoryBean [restartedMain] Starting Quartz Scheduler now
2023-02-16 13:05:10,811 [INFO] org.quartz.core.QuartzScheduler [restartedMain] Scheduler quartzScheduler_$_NON_CLUSTERED started.
2023-02-16 13:05:10,823 [INFO] com.example.digishopkart.DigiShopKartApplication [restartedMain] Started DigiShopKartApplication in 6.133 seconds (process running for 7.04)
2023-02-16 13:05:19,225 [INFO] org.apache.catalina.core.ContainerBase.[Tomcat].[localhost].[/] [http-nio-8085-exec-2] Initializing Spring DispatcherServlet 'dispatcherServlet'
2023-02-16 13:05:19,225 [INFO] org.springframework.web.servlet.DispatcherServlet [http-nio-8085-exec-2] Initializing Servlet 'dispatcherServlet'
2023-02-16 13:05:19,225 [DEBUG] org.springframework.web.servlet.DispatcherServlet [http-nio-8085-exec-2] Detected StandardServletMultipartResolver
2023-02-16 13:05:19,225 [DEBUG] org.springframework.web.servlet.DispatcherServlet [http-nio-8085-exec-2] Detected AcceptHeaderLocaleResolver
2023-02-16 13:05:19,225 [DEBUG] org.springframework.web.servlet.DispatcherServlet [http-nio-8085-exec-2] Detected FixedThemeResolver
2023-02-16 13:05:19,226 [DEBUG] org.springframework.web.servlet.DispatcherServlet [http-nio-8085-exec-2] Detected org.springframework.web.servlet.view.DefaultRequestToViewNameTranslator@618613a6
2023-02-16 13:05:19,227 [DEBUG] org.springframework.web.servlet.DispatcherServlet [http-nio-8085-exec-2] Detected org.springframework.web.servlet.support.SessionFlashMapManager@5858f8de
2023-02-16 13:05:19,227 [DEBUG] org.springframework.web.servlet.DispatcherServlet [http-nio-8085-exec-2] enableLoggingRequestDetails='false': request parameters and headers will be masked to prevent unsafe logging of potentially sensitive data
2023-02-16 13:05:19,227 [INFO] org.springframework.web.servlet.DispatcherServlet [http-nio-8085-exec-2] Completed initialization in 2 ms
2023-02-16 13:05:19,233 [DEBUG] org.springframework.web.servlet.DispatcherServlet [http-nio-8085-exec-2] GET "/fetchAllDiscountCoupons", parameters={}
2023-02-16 13:05:19,242 [DEBUG] org.springframework.web.servlet.mvc.method.annotation.RequestMappingHandlerMapping [http-nio-8085-exec-2] Mapped to com.example.digishopkart.controller.DiscountController#fetchAllDiscountCouponsGet()
2023-02-16 13:05:19,421 [DEBUG] org.springframework.web.servlet.mvc.method.annotation.HttpEntityMethodProcessor [http-nio-8085-exec-2] Using 'application/json', given [*/*] and supported [application/json]
2023-02-16 13:05:19,430 [DEBUG] org.springframework.web.servlet.mvc.method.annotation.HttpEntityMethodProcessor [http-nio-8085-exec-2] Writing [[com.example.digishopkart.entity.Discount@30b07d79, com.example.digishopkart.entity.Discount@56dd548 (truncated)...]
2023-02-16 13:05:19,490 [DEBUG] org.springframework.web.servlet.DispatcherServlet [http-nio-8085-exec-2] Completed 200 OK
2023-02-16 13:05:29,341 [DEBUG] org.springframework.web.servlet.DispatcherServlet [http-nio-8085-exec-3] GET "/fetchAllOrders", parameters={}
2023-02-16 13:05:29,341 [DEBUG] org.springframework.web.servlet.mvc.method.annotation.RequestMappingHandlerMapping [http-nio-8085-exec-3] Mapped to com.example.digishopkart.controller.OrderController#fetchAllOrdersGet()
2023-02-16 13:05:29,363 [DEBUG] org.springframework.web.servlet.mvc.method.annotation.HttpEntityMethodProcessor [http-nio-8085-exec-3] Using 'application/json', given [*/*] and supported [application/json]
2023-02-16 13:05:29,364 [DEBUG] org.springframework.web.servlet.mvc.method.annotation.HttpEntityMethodProcessor [http-nio-8085-exec-3] Writing [[com.example.digishopkart.entity.Order@69b93d3d, com.example.digishopkart.entity.Order@32cf3a78, com (truncated)...]
2023-02-16 13:05:29,377 [DEBUG] org.springframework.web.servlet.DispatcherServlet [http-nio-8085-exec-3] Completed 200 OK
2023-02-16 13:05:38,726 [DEBUG] org.springframework.web.servlet.DispatcherServlet [http-nio-8085-exec-4] GET "/fetchAllProducts", parameters={}
2023-02-16 13:05:38,727 [DEBUG] org.springframework.web.servlet.mvc.method.annotation.RequestMappingHandlerMapping [http-nio-8085-exec-4] Mapped to com.example.digishopkart.controller.ProductController#fetchAllProductsGet()
2023-02-16 13:05:38,739 [DEBUG] org.springframework.web.servlet.mvc.method.annotation.HttpEntityMethodProcessor [http-nio-8085-exec-4] Using 'application/json', given [*/*] and supported [application/json]
2023-02-16 13:05:38,740 [DEBUG] org.springframework.web.servlet.mvc.method.annotation.HttpEntityMethodProcessor [http-nio-8085-exec-4] Writing [[com.example.digishopkart.entity.Product@6932fd87]]
2023-02-16 13:05:38,742 [DEBUG] org.springframework.web.servlet.DispatcherServlet [http-nio-8085-exec-4] Completed 200 OK
2023-02-16 13:05:44,437 [DEBUG] org.springframework.web.servlet.DispatcherServlet [http-nio-8085-exec-5] GET "/createSubscription", parameters={}
2023-02-16 13:05:44,439 [DEBUG] org.springframework.web.servlet.handler.SimpleUrlHandlerMapping [http-nio-8085-exec-5] Mapped to ResourceHttpRequestHandler [classpath [META-INF/resources/], classpath [resources/], classpath [static/], classpath [public/], ServletContext [/]]
2023-02-16 13:05:44,441 [DEBUG] org.springframework.web.servlet.resource.ResourceHttpRequestHandler [http-nio-8085-exec-5] Resource not found
2023-02-16 13:05:44,442 [DEBUG] org.springframework.web.servlet.DispatcherServlet [http-nio-8085-exec-5] Completed 404 NOT_FOUND
2023-02-16 13:05:44,446 [DEBUG] org.springframework.web.servlet.DispatcherServlet [http-nio-8085-exec-5] "ERROR" dispatch for GET "/error", parameters={}
2023-02-16 13:05:44,447 [DEBUG] org.springframework.web.servlet.mvc.method.annotation.RequestMappingHandlerMapping [http-nio-8085-exec-5] Mapped to org.springframework.boot.autoconfigure.web.servlet.error.BasicErrorController#error(HttpServletRequest)
2023-02-16 13:05:44,454 [DEBUG] org.springframework.web.servlet.mvc.method.annotation.HttpEntityMethodProcessor [http-nio-8085-exec-5] Using 'application/json', given [*/*] and supported [application/json, application/*+json]
2023-02-16 13:05:44,454 [DEBUG] org.springframework.web.servlet.mvc.method.annotation.HttpEntityMethodProcessor [http-nio-8085-exec-5] Writing [{timestamp=Thu Feb 16 13:05:44 IST 2023, status=404, error=Not Found, message=No message available,  (truncated)...]
2023-02-16 13:05:44,462 [DEBUG] org.springframework.web.servlet.DispatcherServlet [http-nio-8085-exec-5] Exiting from "ERROR" dispatch, status 404
2023-02-16 13:05:50,352 [DEBUG] org.springframework.web.servlet.DispatcherServlet [http-nio-8085-exec-6] POST "/createSubscription", parameters={}
2023-02-16 13:05:50,353 [DEBUG] org.springframework.web.servlet.handler.SimpleUrlHandlerMapping [http-nio-8085-exec-6] Mapped to ResourceHttpRequestHandler [classpath [META-INF/resources/], classpath [resources/], classpath [static/], classpath [public/], ServletContext [/]]
2023-02-16 13:05:50,354 [DEBUG] org.springframework.web.servlet.resource.ResourceHttpRequestHandler [http-nio-8085-exec-6] Resource not found
2023-02-16 13:05:50,354 [DEBUG] org.springframework.web.servlet.DispatcherServlet [http-nio-8085-exec-6] Completed 404 NOT_FOUND
2023-02-16 13:05:50,354 [DEBUG] org.springframework.web.servlet.DispatcherServlet [http-nio-8085-exec-6] "ERROR" dispatch for POST "/error", parameters={}
2023-02-16 13:05:50,355 [DEBUG] org.springframework.web.servlet.mvc.method.annotation.RequestMappingHandlerMapping [http-nio-8085-exec-6] Mapped to org.springframework.boot.autoconfigure.web.servlet.error.BasicErrorController#error(HttpServletRequest)
2023-02-16 13:05:50,355 [DEBUG] org.springframework.web.servlet.mvc.method.annotation.HttpEntityMethodProcessor [http-nio-8085-exec-6] Using 'application/json', given [*/*] and supported [application/json, application/*+json]
2023-02-16 13:05:50,355 [DEBUG] org.springframework.web.servlet.mvc.method.annotation.HttpEntityMethodProcessor [http-nio-8085-exec-6] Writing [{timestamp=Thu Feb 16 13:05:50 IST 2023, status=404, error=Not Found, message=No message available,  (truncated)...]
2023-02-16 13:05:50,356 [DEBUG] org.springframework.web.servlet.DispatcherServlet [http-nio-8085-exec-6] Exiting from "ERROR" dispatch, status 404
2023-02-16 13:06:05,641 [INFO] org.quartz.core.QuartzScheduler [SpringApplicationShutdownHook] Scheduler quartzScheduler_$_NON_CLUSTERED paused.
2023-02-16 13:06:05,651 [INFO] org.springframework.scheduling.quartz.SchedulerFactoryBean [SpringApplicationShutdownHook] Shutting down Quartz Scheduler
2023-02-16 13:06:05,652 [INFO] org.quartz.core.QuartzScheduler [SpringApplicationShutdownHook] Scheduler quartzScheduler_$_NON_CLUSTERED shutting down.
2023-02-16 13:06:05,652 [INFO] org.quartz.core.QuartzScheduler [SpringApplicationShutdownHook] Scheduler quartzScheduler_$_NON_CLUSTERED paused.
2023-02-16 13:06:05,652 [INFO] org.quartz.core.QuartzScheduler [SpringApplicationShutdownHook] Scheduler quartzScheduler_$_NON_CLUSTERED shutdown complete.
2023-02-16 13:06:05,654 [INFO] org.springframework.orm.jpa.LocalContainerEntityManagerFactoryBean [SpringApplicationShutdownHook] Closing JPA EntityManagerFactory for persistence unit 'default'
2023-02-16 13:06:05,656 [INFO] com.zaxxer.hikari.HikariDataSource [SpringApplicationShutdownHook] HikariPool-1 - Shutdown initiated...
2023-02-16 13:06:05,661 [INFO] com.zaxxer.hikari.HikariDataSource [SpringApplicationShutdownHook] HikariPool-1 - Shutdown completed.
